\BOOKMARK [1][-]{section.1}{\376\377\000W\000h\000y\000\040\000D\000o\000\040\000W\000e\000\040\000I\000m\000p\000o\000r\000t\000\040\000D\000a\000t\000a\000?\000\040\000W\000h\000y\000\040\000w\000i\000t\000h\000\040\000R\000?}{}% 1
\BOOKMARK [1][-]{section.2}{\376\377\000D\000i\000f\000f\000e\000r\000e\000n\000t\000\040\000D\000a\000t\000a\000\040\000T\000y\000p\000e\000s}{}% 2
\BOOKMARK [1][-]{section.3}{\376\377\000D\000i\000f\000f\000e\000r\000e\000n\000t\000\040\000P\000a\000c\000k\000a\000g\000e\000s\000\040\000F\000o\000r\000\040\000E\000a\000c\000h\000\040\000D\000a\000t\000a\000\040\000T\000y\000p\000e}{}% 3
\BOOKMARK [1][-]{section.4}{\376\377\000G\000r\000a\000p\000h\000i\000c\000a\000l\000\040\000a\000n\000d\000\040\000P\000r\000o\000g\000r\000a\000m\000m\000a\000t\000i\000c\000\040\000I\000m\000p\000l\000e\000m\000e\000n\000t\000a\000t\000i\000o\000n\000\040\000b\000y\000\040\000D\000a\000t\000a\000\040\000T\000y\000p\000e}{}% 4
\BOOKMARK [2][-]{subsection.4.1}{\376\377\000S\000t\000a\000n\000d\000a\000r\000d\000\040\000T\000a\000b\000u\000l\000a\000r\000\040\000D\000a\000t\000a\000\040\000\050\000.\000c\000s\000v\000,\000\040\000.\000t\000s\000v\000\051}{section.4}% 5
\BOOKMARK [2][-]{subsection.4.2}{\376\377\000P\000r\000o\000p\000r\000i\000e\000t\000a\000r\000y\000\040\000E\000x\000c\000e\000l\000\040\000F\000i\000l\000e\000s\000\040\000\050\000.\000x\000l\000s\000,\000\040\000.\000x\000l\000s\000x\000\051}{section.4}% 6
\BOOKMARK [2][-]{subsection.4.3}{\376\377\000S\000t\000a\000t\000i\000s\000t\000i\000c\000a\000l\000\040\000S\000o\000f\000t\000w\000a\000r\000e\000\040\000F\000i\000l\000e\000s\000\040\000\050\000.\000s\000a\000v\000,\000\040\000.\000s\000a\000s\0007\000b\000d\000a\000t\000,\000\040\000.\000d\000t\000a\000\051}{section.4}% 7
\BOOKMARK [2][-]{subsection.4.4}{\376\377\000R\000e\000l\000a\000t\000i\000o\000n\000a\000l\000\040\000D\000a\000t\000a\000b\000a\000s\000e\000s\000\040\000\050\000.\000d\000b\000,\000\040\000.\000s\000q\000l\000i\000t\000e\000,\000\040\000.\000m\000d\000b\000\051}{section.4}% 8
\BOOKMARK [2][-]{subsection.4.5}{\376\377\000S\000p\000a\000t\000i\000a\000l\000\040\000/\000\040\000G\000I\000S\000\040\000D\000a\000t\000a\000\040\000\050\000.\000s\000h\000p\000,\000\040\000.\000t\000i\000f\000,\000\040\000.\000k\000m\000l\000\051}{section.4}% 9
\BOOKMARK [2][-]{subsection.4.6}{\376\377\000B\000a\000s\000e\000\040\000T\000e\000x\000t\000\040\000a\000n\000d\000\040\000F\000i\000x\000e\000d\000-\000W\000i\000d\000t\000h\000\040\000F\000i\000l\000e\000s\000\040\000\050\000.\000t\000x\000t\000,\000\040\000.\000d\000a\000t\000,\000\040\000.\000f\000w\000f\000\051}{section.4}% 10
\BOOKMARK [2][-]{subsection.4.7}{\376\377\000S\000c\000i\000e\000n\000t\000i\000f\000i\000c\000\040\000S\000p\000e\000c\000t\000r\000a\000l\000\040\000D\000a\000t\000a\000\040\000\050\000.\000j\000d\000x\000,\000\040\000.\000a\000b\000s\000,\000\040\000.\000c\000n\000v\000,\000\040\000.\000n\000c\000\051}{section.4}% 11
\BOOKMARK [2][-]{subsection.4.8}{\376\377\000C\000l\000o\000u\000d\000\040\000S\000h\000e\000e\000t\000s\000\040\000\050\000G\000o\000o\000g\000l\000e\000\040\000S\000h\000e\000e\000t\000s\000/\000\040\000U\000R\000L\000s\000\051}{section.4}% 12
\BOOKMARK [2][-]{subsection.4.9}{\376\377\000H\000i\000e\000r\000a\000r\000c\000h\000i\000c\000a\000l\000\040\000D\000a\000t\000a\000\040\000\050\000.\000j\000s\000o\000n\000\051}{section.4}% 13
\BOOKMARK [2][-]{subsection.4.10}{\376\377\000I\000m\000p\000o\000r\000t\000i\000n\000g\000\040\000D\000a\000t\000a\000\040\000F\000r\000o\000m\000\040\000M\000u\000l\000t\000i\000p\000l\000e\000\040\000F\000i\000l\000e\000s}{section.4}% 14
\BOOKMARK [1][-]{section.5}{\376\377\000T\000h\000e\000\040\000C\000o\000m\000p\000a\000r\000i\000s\000o\000n\000\040\000B\000e\000t\000w\000e\000e\000n\000\040\000P\000a\000c\000k\000a\000g\000e\000s}{}% 15
\BOOKMARK [1][-]{section.6}{\376\377\000C\000o\000n\000c\000l\000u\000s\000i\000o\000n}{}% 16
\BOOKMARK [1][-]{section.7}{\376\377\000C\000l\000a\000s\000s\000\040\000A\000s\000s\000i\000g\000n\000m\000e\000n\000t}{}% 17
\BOOKMARK [2][-]{subsection.7.1}{\376\377\000H\000e\000l\000p\000\040\000T\000h\000e\000\040\000H\000R\000\040\000M\000a\000n\000a\000g\000e\000r\000!}{section.7}% 18
\BOOKMARK [2][-]{subsection.7.2}{\376\377\000E\000v\000e\000r\000y\000d\000a\000y\000\040\000S\000a\000l\000e\000s\000\040\000R\000e\000p\000o\000r\000t\000!}{section.7}% 19
\BOOKMARK [2][-]{subsection.7.3}{\376\377\000S\000p\000a\000r\000e\000\040\000P\000a\000r\000t\000s\000\040\000S\000h\000e\000e\000t}{section.7}% 20
\BOOKMARK [1][-]{section.8}{\376\377\000R\000e\000f\000e\000r\000e\000n\000c\000e\000s}{}% 21
